<?xml version="1.0" encoding="UTF-8"?>
<testsuite xmlns:xsi="http://www.w3.org/2001/XMLSchema-instance" xsi:noNamespaceSchemaLocation="https://maven.apache.org/surefire/maven-surefire-plugin/xsd/surefire-test-report-3.0.xsd" version="3.0" name="org.example.AppTest" time="0.016" tests="1" errors="0" skipped="0" failures="0">
  <properties>
    <property name="socksProxyHost" value="127.0.0.1"/>
    <property name="http.proxyHost" value="127.0.0.1"/>
    <property name="java.specification.version" value="21"/>
    <property name="sun.jnu.encoding" value="UTF-8"/>
    <property name="java.class.path" value="/Users/zhuqinyong/code/app/nigra-testudo/nigra-testudo-uni/target/test-classes:/Users/zhuqinyong/code/app/nigra-testudo/nigra-testudo-uni/target/classes:/Users/zhuqinyong/software/apache-maven-3.9.6/data/junit/junit/3.8.1/junit-3.8.1.jar:"/>
    <property name="https.proxyPort" value="7890"/>
    <property name="java.vm.vendor" value="Oracle Corporation"/>
    <property name="sun.arch.data.model" value="64"/>
    <property name="java.vendor.url" value="https://java.oracle.com/"/>
    <property name="os.name" value="Mac OS X"/>
    <property name="java.vm.specification.version" value="21"/>
    <property name="sun.java.launcher" value="SUN_STANDARD"/>
    <property name="user.country" value="CN"/>
    <property name="sun.boot.library.path" value="/Users/zhuqinyong/Library/Java/JavaVirtualMachines/openjdk-21.0.1-2/Contents/Home/lib"/>
    <property name="sun.java.command" value="/Users/zhuqinyong/code/app/nigra-testudo/nigra-testudo-uni/target/surefire/surefirebooter-20240804103333051_3.jar /Users/zhuqinyong/code/app/nigra-testudo/nigra-testudo-uni/target/surefire 2024-08-04T10-33-31_357-jvmRun1 surefire-20240804103333051_1tmp surefire_0-20240804103333051_2tmp"/>
    <property name="http.nonProxyHosts" value="127.0.0.1|192.168.0.0/16|*.192.168.0.0/16|10.0.0.0/8|*.10.0.0.0/8|172.16.0.0/12|*.172.16.0.0/12|100.64.0.0/10|*.100.64.0.0/10|17.0.0.0/8|*.17.0.0.0/8|localhost|*.localhost|local|*.local|169.254.0.0/16|*.169.254.0.0/16|224.0.0.0/4|*.224.0.0.0/4|240.0.0.0/4|*.240.0.0.0/4"/>
    <property name="jdk.debug" value="release"/>
    <property name="surefire.test.class.path" value="/Users/zhuqinyong/code/app/nigra-testudo/nigra-testudo-uni/target/test-classes:/Users/zhuqinyong/code/app/nigra-testudo/nigra-testudo-uni/target/classes:/Users/zhuqinyong/software/apache-maven-3.9.6/data/junit/junit/3.8.1/junit-3.8.1.jar:"/>
    <property name="sun.cpu.endian" value="little"/>
    <property name="user.home" value="/Users/zhuqinyong"/>
    <property name="user.language" value="zh"/>
    <property name="java.specification.vendor" value="Oracle Corporation"/>
    <property name="java.version.date" value="2023-10-17"/>
    <property name="java.home" value="/Users/zhuqinyong/Library/Java/JavaVirtualMachines/openjdk-21.0.1-2/Contents/Home"/>
    <property name="file.separator" value="/"/>
    <property name="https.proxyHost" value="127.0.0.1"/>
    <property name="basedir" value="/Users/zhuqinyong/code/app/nigra-testudo/nigra-testudo-uni"/>
    <property name="java.vm.compressedOopsMode" value="Zero based"/>
    <property name="line.separator" value="&#10;"/>
    <property name="java.vm.specification.vendor" value="Oracle Corporation"/>
    <property name="java.specification.name" value="Java Platform API Specification"/>
    <property name="apple.awt.application.name" value="ForkedBooter"/>
    <property name="surefire.real.class.path" value="/Users/zhuqinyong/code/app/nigra-testudo/nigra-testudo-uni/target/surefire/surefirebooter-20240804103333051_3.jar"/>
    <property name="user.script" value="Hans"/>
    <property name="sun.management.compiler" value="HotSpot 64-Bit Tiered Compilers"/>
    <property name="ftp.nonProxyHosts" value="127.0.0.1|192.168.0.0/16|*.192.168.0.0/16|10.0.0.0/8|*.10.0.0.0/8|172.16.0.0/12|*.172.16.0.0/12|100.64.0.0/10|*.100.64.0.0/10|17.0.0.0/8|*.17.0.0.0/8|localhost|*.localhost|local|*.local|169.254.0.0/16|*.169.254.0.0/16|224.0.0.0/4|*.224.0.0.0/4|240.0.0.0/4|*.240.0.0.0/4"/>
    <property name="java.runtime.version" value="21.0.1+12-29"/>
    <property name="user.name" value="zhuqinyong"/>
    <property name="stdout.encoding" value="UTF-8"/>
    <property name="path.separator" value=":"/>
    <property name="os.version" value="14.6"/>
    <property name="java.runtime.name" value="OpenJDK Runtime Environment"/>
    <property name="file.encoding" value="UTF-8"/>
    <property name="java.vm.name" value="OpenJDK 64-Bit Server VM"/>
    <property name="localRepository" value="/Users/zhuqinyong/software/apache-maven-3.9.6/data"/>
    <property name="java.vendor.url.bug" value="https://bugreport.java.com/bugreport/"/>
    <property name="java.io.tmpdir" value="/var/folders/h9/ysm03x1d1fs8xl7pjm0hhfdw0000gn/T/"/>
    <property name="idea.version" value="2023.3.7"/>
    <property name="java.version" value="21.0.1"/>
    <property name="user.dir" value="/Users/zhuqinyong/code/app/nigra-testudo/nigra-testudo-uni"/>
    <property name="os.arch" value="aarch64"/>
    <property name="socksProxyPort" value="7890"/>
    <property name="java.vm.specification.name" value="Java Virtual Machine Specification"/>
    <property name="native.encoding" value="UTF-8"/>
    <property name="java.library.path" value="/Users/zhuqinyong/Library/Java/Extensions:/Library/Java/Extensions:/Network/Library/Java/Extensions:/System/Library/Java/Extensions:/usr/lib/java:."/>
    <property name="java.vm.info" value="mixed mode, sharing"/>
    <property name="stderr.encoding" value="UTF-8"/>
    <property name="java.vendor" value="Oracle Corporation"/>
    <property name="java.vm.version" value="21.0.1+12-29"/>
    <property name="sun.io.unicode.encoding" value="UnicodeBig"/>
    <property name="maven.repo.local" value="/Users/zhuqinyong/software/apache-maven-3.9.6/data"/>
    <property name="socksNonProxyHosts" value="127.0.0.1|192.168.0.0/16|*.192.168.0.0/16|10.0.0.0/8|*.10.0.0.0/8|172.16.0.0/12|*.172.16.0.0/12|100.64.0.0/10|*.100.64.0.0/10|17.0.0.0/8|*.17.0.0.0/8|localhost|*.localhost|local|*.local|169.254.0.0/16|*.169.254.0.0/16|224.0.0.0/4|*.224.0.0.0/4|240.0.0.0/4|*.240.0.0.0/4"/>
    <property name="java.class.version" value="65.0"/>
    <property name="http.proxyPort" value="7890"/>
  </properties>
  <testcase name="testApp" classname="org.example.AppTest" time="0.002"/>
</testsuite>